<?xml version="1.0" encoding="UTF-8"?>
<testng-results ignored="0" total="2" passed="2" failed="0" skipped="0">
  <reporter-output>
  </reporter-output>
  <suite started-at="2023-01-15T18:16:24 IST" name="Default suite" finished-at="2023-01-15T18:18:12 IST" duration-ms="108507">
    <groups>
    </groups>
    <test started-at="2023-01-15T18:16:24 IST" name="Default test" finished-at="2023-01-15T18:18:12 IST" duration-ms="108507">
      <class name="TestNg.Data_Provider">
        <test-method signature="Data_Matrix(java.lang.String,java.lang.String,java.lang.String,java.lang.String)[pri:0, instance:TestNg.Data_Provider@1700915]" started-at="2023-01-15T18:18:12 IST" name="Data_Matrix" data-provider="getData" finished-at="2023-01-15T18:18:12 IST" duration-ms="18" status="PASS">
          <params>
            <param index="0">
              <value>
                <![CDATA[Akash]]>
              </value>
            </param>
            <param index="1">
              <value>
                <![CDATA[123]]>
              </value>
            </param>
            <param index="2">
              <value>
                <![CDATA[Suhane]]>
              </value>
            </param>
            <param index="3">
              <value>
                <![CDATA[deep]]>
              </value>
            </param>
          </params>
          <reporter-output>
          </reporter-output>
        </test-method> <!-- Data_Matrix -->
        <test-method signature="Data_Matrix(java.lang.String,java.lang.String,java.lang.String,java.lang.String)[pri:0, instance:TestNg.Data_Provider@1700915]" started-at="2023-01-15T18:18:12 IST" name="Data_Matrix" data-provider="getData" finished-at="2023-01-15T18:18:12 IST" duration-ms="4" status="PASS">
          <params>
            <param index="0">
              <value>
                <![CDATA[Vikas]]>
              </value>
            </param>
            <param index="1">
              <value>
                <![CDATA[1234]]>
              </value>
            </param>
            <param index="2">
              <value>
                <![CDATA[deep]]>
              </value>
            </param>
            <param index="3">
              <value>
                <![CDATA[ravi]]>
              </value>
            </param>
          </params>
          <reporter-output>
          </reporter-output>
        </test-method> <!-- Data_Matrix -->
      </class> <!-- TestNg.Data_Provider -->
    </test> <!-- Default test -->
  </suite> <!-- Default suite -->
</testng-results>
